<?xml version="1.0" encoding="UTF-8"?>
<coverage generated="1593030414393" clover="3.2.0">
  <project timestamp="1593030414393" name="All files">
    <metrics statements="12" coveredstatements="12" conditionals="19" coveredconditionals="16" methods="2" coveredmethods="2" elements="33" coveredelements="30" complexity="0" loc="12" ncloc="12" packages="1" files="1" classes="1"/>
    <file name="project.js" path="/Users/pearcy/epicode2/5week/haiku/src/project.js">
      <metrics statements="12" coveredstatements="12" conditionals="19" coveredconditionals="16" methods="2" coveredmethods="2"/>
      <line num="3" count="5" type="stmt"/>
      <line num="4" count="5" type="stmt"/>
      <line num="5" count="5" type="stmt"/>
      <line num="9" count="1" type="stmt"/>
      <line num="10" count="4" type="cond" truecount="5" falsecount="0"/>
      <line num="11" count="1" type="stmt"/>
      <line num="12" count="3" type="cond" truecount="5" falsecount="0"/>
      <line num="13" count="1" type="stmt"/>
      <line num="14" count="2" type="cond" truecount="4" falsecount="0"/>
      <line num="15" count="1" type="stmt"/>
      <line num="16" count="1" type="cond" truecount="2" falsecount="3"/>
      <line num="17" count="1" type="stmt"/>
    </file>
  </project>
</coverage>
