{"/Users/pearcy/epicode2/5week/haiku/src/project.js": {"path":"/Users/pearcy/epicode2/5week/haiku/src/project.js","statementMap":{"0":{"start":{"line":3,"column":2},"end":{"line":3,"column":21}},"1":{"start":{"line":4,"column":2},"end":{"line":4,"column":21}},"2":{"start":{"line":5,"column":2},"end":{"line":5,"column":21}},"3":{"start":{"line":9,"column":0},"end":{"line":19,"column":2}},"4":{"start":{"line":10,"column":2},"end":{"line":18,"column":3}},"5":{"start":{"line":11,"column":4},"end":{"line":11,"column":28}},"6":{"start":{"line":12,"column":9},"end":{"line":18,"column":3}},"7":{"start":{"line":13,"column":4},"end":{"line":13,"column":30}},"8":{"start":{"line":14,"column":10},"end":{"line":18,"column":3}},"9":{"start":{"line":15,"column":4},"end":{"line":15,"column":34}},"10":{"start":{"line":16,"column":9},"end":{"line":18,"column":3}},"11":{"start":{"line":17,"column":6},"end":{"line":17,"column":34}}},"fnMap":{"0":{"name":"Triangle","decl":{"start":{"line":1,"column":16},"end":{"line":1,"column":24}},"loc":{"start":{"line":1,"column":46},"end":{"line":7,"column":1}},"line":1},"1":{"name":"(anonymous_1)","decl":{"start":{"line":9,"column":31},"end":{"line":9,"column":32}},"loc":{"start":{"line":9,"column":42},"end":{"line":19,"column":1}},"line":9}},"branchMap":{"0":{"loc":{"start":{"line":10,"column":2},"end":{"line":18,"column":3}},"type":"if","locations":[{"start":{"line":10,"column":2},"end":{"line":18,"column":3}},{"start":{"line":10,"column":2},"end":{"line":18,"column":3}}],"line":10},"1":{"loc":{"start":{"line":10,"column":6},"end":{"line":10,"column":134}},"type":"binary-expr","locations":[{"start":{"line":10,"column":7},"end":{"line":10,"column":45}},{"start":{"line":10,"column":51},"end":{"line":10,"column":89}},{"start":{"line":10,"column":95},"end":{"line":10,"column":133}}],"line":10},"2":{"loc":{"start":{"line":12,"column":9},"end":{"line":18,"column":3}},"type":"if","locations":[{"start":{"line":12,"column":9},"end":{"line":18,"column":3}},{"start":{"line":12,"column":9},"end":{"line":18,"column":3}}],"line":12},"3":{"loc":{"start":{"line":12,"column":13},"end":{"line":12,"column":106}},"type":"binary-expr","locations":[{"start":{"line":12,"column":14},"end":{"line":12,"column":39}},{"start":{"line":12,"column":46},"end":{"line":12,"column":71}},{"start":{"line":12,"column":79},"end":{"line":12,"column":104}}],"line":12},"4":{"loc":{"start":{"line":14,"column":10},"end":{"line":18,"column":3}},"type":"if","locations":[{"start":{"line":14,"column":10},"end":{"line":18,"column":3}},{"start":{"line":14,"column":10},"end":{"line":18,"column":3}}],"line":14},"5":{"loc":{"start":{"line":14,"column":14},"end":{"line":14,"column":72}},"type":"binary-expr","locations":[{"start":{"line":14,"column":15},"end":{"line":14,"column":40}},{"start":{"line":14,"column":46},"end":{"line":14,"column":71}}],"line":14},"6":{"loc":{"start":{"line":16,"column":9},"end":{"line":18,"column":3}},"type":"if","locations":[{"start":{"line":16,"column":9},"end":{"line":18,"column":3}},{"start":{"line":16,"column":9},"end":{"line":18,"column":3}}],"line":16},"7":{"loc":{"start":{"line":16,"column":13},"end":{"line":16,"column":106}},"type":"binary-expr","locations":[{"start":{"line":16,"column":14},"end":{"line":16,"column":39}},{"start":{"line":16,"column":46},"end":{"line":16,"column":71}},{"start":{"line":16,"column":79},"end":{"line":16,"column":104}}],"line":16}},"s":{"0":5,"1":5,"2":5,"3":1,"4":4,"5":1,"6":3,"7":1,"8":2,"9":1,"10":1,"11":1},"f":{"0":5,"1":4},"b":{"0":[1,3],"1":[4,4,4],"2":[1,2],"3":[3,1,1],"4":[1,1],"5":[2,2],"6":[1,0],"7":[1,0,0]},"_coverageSchema":"43e27e138ebf9cfc5966b082cf9a028302ed4184","hash":"1c987e6d90710f242045672c5a0126d7d7e15026"}
}
