TN:
SF:/Users/pearcy/epicode2/5week/haiku/src/project.js
FN:1,Triangle
FN:9,(anonymous_1)
FNF:2
FNH:2
FNDA:5,Triangle
FNDA:4,(anonymous_1)
DA:3,5
DA:4,5
DA:5,5
DA:9,1
DA:10,4
DA:11,1
DA:12,3
DA:13,1
DA:14,2
DA:15,1
DA:16,1
DA:17,1
LF:12
LH:12
BRDA:10,0,0,1
BRDA:10,0,1,3
BRDA:10,1,0,4
BRDA:10,1,1,4
BRDA:10,1,2,4
BRDA:12,2,0,1
BRDA:12,2,1,2
BRDA:12,3,0,3
BRDA:12,3,1,1
BRDA:12,3,2,1
BRDA:14,4,0,1
BRDA:14,4,1,1
BRDA:14,5,0,2
BRDA:14,5,1,2
BRDA:16,6,0,1
BRDA:16,6,1,0
BRDA:16,7,0,1
BRDA:16,7,1,0
BRDA:16,7,2,0
BRF:19
BRH:16
end_of_record
